# JRE version: OpenJDK Runtime Environment (8.0_212-b04) (build 1.8.0_212-b04)
# Java VM: OpenJDK 64-Bit Server VM (25.212-b04 mixed mode windows-amd64 compressed oops)
Heap:
 PSYoungGen      total 330752K, used 264632K [0x000000076b500000, 0x00000007b0900000, 0x00000007c0000000)
  eden space 330240K, 80% used [0x000000076b500000,0x000000077b73e098,0x000000077f780000)
  from space 512K, 37% used [0x00000007b0880000,0x00000007b08b0000,0x00000007b0900000)
  to   space 1024K, 0% used [0x00000007b0700000,0x00000007b0700000,0x00000007b0800000)
 ParOldGen       total 196096K, used 173294K [0x00000006c1e00000, 0x00000006cdd80000, 0x000000076b500000)
  object space 196096K, 88% used [0x00000006c1e00000,0x00000006cc73b848,0x00000006cdd80000)
 Metaspace       used 22183K, capacity 22369K, committed 22912K, reserved 1069056K
  class space    used 2269K, capacity 2320K, committed 2432K, reserved 1048576K
GC Heap History (10 events):
Event: 70005.677 GC heap before
{Heap before GC invocations=325885 (full 79):
 PSYoungGen      total 271872K, used 271616K [0x000000076b500000, 0x00000007b0a80000, 0x00000007c0000000)
  eden space 271360K, 100% used [0x000000076b500000,0x000000077be00000,0x000000077be00000)
  from space 512K, 50% used [0x00000007b0900000,0x00000007b0940000,0x00000007b0980000)
  to   space 1024K, 0% used [0x00000007b0980000,0x00000007b0980000,0x00000007b0a80000)
 ParOldGen       total 196096K, used 173182K [0x00000006c1e00000, 0x00000006cdd80000, 0x000000076b500000)
  object space 196096K, 88% used [0x00000006c1e00000,0x00000006cc71f848,0x00000006cdd80000)
 Metaspace       used 22183K, capacity 22369K, committed 22912K, reserved 1069056K
  class space    used 2269K, capacity 2320K, committed 2432K, reserved 1048576K
Event: 70005.679 GC heap after
Heap after GC invocations=325885 (full 79):
 PSYoungGen      total 300032K, used 224K [0x000000076b500000, 0x00000007b0a00000, 0x00000007c0000000)
  eden space 299520K, 0% used [0x000000076b500000,0x000000076b500000,0x000000077d980000)
  from space 512K, 43% used [0x00000007b0980000,0x00000007b09b8000,0x00000007b0a00000)
  to   space 1024K, 0% used [0x00000007b0800000,0x00000007b0800000,0x00000007b0900000)
 ParOldGen       total 196096K, used 173222K [0x00000006c1e00000, 0x00000006cdd80000, 0x000000076b500000)
  object space 196096K, 88% used [0x00000006c1e00000,0x00000006cc729848,0x00000006cdd80000)
 Metaspace       used 22183K, capacity 22369K, committed 22912K, reserved 1069056K
  class space    used 2269K, capacity 2320K, committed 2432K, reserved 1048576K
}
Event: 70006.227 GC heap before
{Heap before GC invocations=325886 (full 79):
 PSYoungGen      total 300032K, used 299744K [0x000000076b500000, 0x00000007b0a00000, 0x00000007c0000000)
  eden space 299520K, 100% used [0x000000076b500000,0x000000077d980000,0x000000077d980000)
  from space 512K, 43% used [0x00000007b0980000,0x00000007b09b8000,0x00000007b0a00000)
  to   space 1024K, 0% used [0x00000007b0800000,0x00000007b0800000,0x00000007b0900000)
 ParOldGen       total 196096K, used 173222K [0x00000006c1e00000, 0x00000006cdd80000, 0x000000076b500000)
  object space 196096K, 88% used [0x00000006c1e00000,0x00000006cc729848,0x00000006cdd80000)
 Metaspace       used 22183K, capacity 22369K, committed 22912K, reserved 1069056K
  class space    used 2269K, capacity 2320K, committed 2432K, reserved 1048576K
Event: 70006.229 GC heap after
Heap after GC invocations=325886 (full 79):
 PSYoungGen      total 329728K, used 256K [0x000000076b500000, 0x00000007b0a00000, 0x00000007c0000000)
  eden space 328704K, 0% used [0x000000076b500000,0x000000076b500000,0x000000077f600000)
  from space 1024K, 25% used [0x00000007b0800000,0x00000007b0840000,0x00000007b0900000)
  to   space 1024K, 0% used [0x00000007b0900000,0x00000007b0900000,0x00000007b0a00000)
 ParOldGen       total 196096K, used 173270K [0x00000006c1e00000, 0x00000006cdd80000, 0x000000076b500000)
  object space 196096K, 88% used [0x00000006c1e00000,0x00000006cc735848,0x00000006cdd80000)
 Metaspace       used 22183K, capacity 22369K, committed 22912K, reserved 1069056K
  class space    used 2269K, capacity 2320K, committed 2432K, reserved 1048576K
}
Event: 70007.015 GC heap before
{Heap before GC invocations=325887 (full 79):
 PSYoungGen      total 329728K, used 328960K [0x000000076b500000, 0x00000007b0a00000, 0x00000007c0000000)
  eden space 328704K, 100% used [0x000000076b500000,0x000000077f600000,0x000000077f600000)
  from space 1024K, 25% used [0x00000007b0800000,0x00000007b0840000,0x00000007b0900000)
  to   space 1024K, 0% used [0x00000007b0900000,0x00000007b0900000,0x00000007b0a00000)
 ParOldGen       total 196096K, used 173270K [0x00000006c1e00000, 0x00000006cdd80000, 0x000000076b500000)
  object space 196096K, 88% used [0x00000006c1e00000,0x00000006cc735848,0x00000006cdd80000)
 Metaspace       used 22183K, capacity 22369K, committed 22912K, reserved 1069056K
  class space    used 2269K, capacity 2320K, committed 2432K, reserved 1048576K
Event: 70007.018 GC heap after
Heap after GC invocations=325887 (full 79):
 PSYoungGen      total 359424K, used 192K [0x000000076b500000, 0x00000007b0980000, 0x00000007c0000000)
  eden space 358912K, 0% used [0x000000076b500000,0x000000076b500000,0x0000000781380000)
  from space 512K, 37% used [0x00000007b0900000,0x00000007b0930000,0x00000007b0980000)
  to   space 1024K, 0% used [0x00000007b0780000,0x00000007b0780000,0x00000007b0880000)
 ParOldGen       total 196096K, used 173294K [0x00000006c1e00000, 0x00000006cdd80000, 0x000000076b500000)
  object space 196096K, 88% used [0x00000006c1e00000,0x00000006cc73b848,0x00000006cdd80000)
 Metaspace       used 22183K, capacity 22369K, committed 22912K, reserved 1069056K
  class space    used 2269K, capacity 2320K, committed 2432K, reserved 1048576K
}
Event: 70007.743 GC heap before
{Heap before GC invocations=325888 (full 79):
 PSYoungGen      total 359424K, used 359104K [0x000000076b500000, 0x00000007b0980000, 0x00000007c0000000)
  eden space 358912K, 100% used [0x000000076b500000,0x0000000781380000,0x0000000781380000)
  from space 512K, 37% used [0x00000007b0900000,0x00000007b0930000,0x00000007b0980000)
  to   space 1024K, 0% used [0x00000007b0780000,0x00000007b0780000,0x00000007b0880000)
 ParOldGen       total 196096K, used 173294K [0x00000006c1e00000, 0x00000006cdd80000, 0x000000076b500000)
  object space 196096K, 88% used [0x00000006c1e00000,0x00000006cc73b848,0x00000006cdd80000)
 Metaspace       used 22183K, capacity 22369K, committed 22912K, reserved 1069056K
  class space    used 2269K, capacity 2320K, committed 2432K, reserved 1048576K
Event: 70007.745 GC heap after
Heap after GC invocations=325888 (full 79):
 PSYoungGen      total 345088K, used 224K [0x000000076b500000, 0x00000007b0980000, 0x00000007c0000000)
  eden space 344064K, 0% used [0x000000076b500000,0x000000076b500000,0x0000000780500000)
  from space 1024K, 21% used [0x00000007b0780000,0x00000007b07b8000,0x00000007b0880000)
  to   space 1024K, 0% used [0x00000007b0880000,0x00000007b0880000,0x00000007b0980000)
 ParOldGen       total 196096K, used 173294K [0x00000006c1e00000, 0x00000006cdd80000, 0x000000076b500000)
  object space 196096K, 88% used [0x00000006c1e00000,0x00000006cc73b848,0x00000006cdd80000)
 Metaspace       used 22183K, capacity 22369K, committed 22912K, reserved 1069056K
  class space    used 2269K, capacity 2320K, committed 2432K, reserved 1048576K
}
Event: 70008.567 GC heap before
{Heap before GC invocations=325889 (full 79):
 PSYoungGen      total 345088K, used 344288K [0x000000076b500000, 0x00000007b0980000, 0x00000007c0000000)
  eden space 344064K, 100% used [0x000000076b500000,0x0000000780500000,0x0000000780500000)
  from space 1024K, 21% used [0x00000007b0780000,0x00000007b07b8000,0x00000007b0880000)
  to   space 1024K, 0% used [0x00000007b0880000,0x00000007b0880000,0x00000007b0980000)
 ParOldGen       total 196096K, used 173294K [0x00000006c1e00000, 0x00000006cdd80000, 0x000000076b500000)
  object space 196096K, 88% used [0x00000006c1e00000,0x00000006cc73b848,0x00000006cdd80000)
 Metaspace       used 22183K, capacity 22369K, committed 22912K, reserved 1069056K
  class space    used 2269K, capacity 2320K, committed 2432K, reserved 1048576K
Event: 70008.569 GC heap after
Heap after GC invocations=325889 (full 79):
 PSYoungGen      total 330752K, used 192K [0x000000076b500000, 0x00000007b0900000, 0x00000007c0000000)
  eden space 330240K, 0% used [0x000000076b500000,0x000000076b500000,0x000000077f780000)
  from space 512K, 37% used [0x00000007b0880000,0x00000007b08b0000,0x00000007b0900000)
  to   space 1024K, 0% used [0x00000007b0700000,0x00000007b0700000,0x00000007b0800000)
 ParOldGen       total 196096K, used 173294K [0x00000006c1e00000, 0x00000006cdd80000, 0x000000076b500000)
  object space 196096K, 88% used [0x00000006c1e00000,0x00000006cc73b848,0x00000006cdd80000)
 Metaspace       used 22183K, capacity 22369K, committed 22912K, reserved 1069056K
  class space    used 2269K, capacity 2320K, committed 2432K, reserved 1048576K
}

