# JRE version: OpenJDK Runtime Environment (8.0_212-b04) (build 1.8.0_212-b04)
# Java VM: OpenJDK 64-Bit Server VM (25.212-b04 mixed mode windows-amd64 compressed oops)
Heap:
 PSYoungGen      total 99840K, used 16724K [0x000000076b500000, 0x00000007ab500000, 0x00000007c0000000)
  eden space 99328K, 16% used [0x000000076b500000,0x000000076c525230,0x0000000771600000)
  from space 512K, 37% used [0x00000007ab480000,0x00000007ab4b0000,0x00000007ab500000)
  to   space 512K, 0% used [0x00000007ab400000,0x00000007ab400000,0x00000007ab480000)
 ParOldGen       total 163840K, used 149343K [0x00000006c1e00000, 0x00000006cbe00000, 0x000000076b500000)
  object space 163840K, 91% used [0x00000006c1e00000,0x00000006cafd7fb0,0x00000006cbe00000)
 Metaspace       used 21812K, capacity 22051K, committed 22400K, reserved 1069056K
  class space    used 2269K, capacity 2323K, committed 2432K, reserved 1048576K
GC Heap History (10 events):
Event: 77191.224 GC heap before
{Heap before GC invocations=364886 (full 88):
 PSYoungGen      total 116224K, used 115840K [0x000000076b500000, 0x00000007ab500000, 0x00000007c0000000)
  eden space 115712K, 100% used [0x000000076b500000,0x0000000772600000,0x0000000772600000)
  from space 512K, 25% used [0x00000007ab400000,0x00000007ab420000,0x00000007ab480000)
  to   space 512K, 0% used [0x00000007ab480000,0x00000007ab480000,0x00000007ab500000)
 ParOldGen       total 163840K, used 149239K [0x00000006c1e00000, 0x00000006cbe00000, 0x000000076b500000)
  object space 163840K, 91% used [0x00000006c1e00000,0x00000006cafbdfb0,0x00000006cbe00000)
 Metaspace       used 21812K, capacity 22051K, committed 22400K, reserved 1069056K
  class space    used 2269K, capacity 2323K, committed 2432K, reserved 1048576K
Event: 77191.225 GC heap after
Heap after GC invocations=364886 (full 88):
 PSYoungGen      total 112640K, used 160K [0x000000076b500000, 0x00000007ab500000, 0x00000007c0000000)
  eden space 112128K, 0% used [0x000000076b500000,0x000000076b500000,0x0000000772280000)
  from space 512K, 31% used [0x00000007ab480000,0x00000007ab4a8000,0x00000007ab500000)
  to   space 512K, 0% used [0x00000007ab400000,0x00000007ab400000,0x00000007ab480000)
 ParOldGen       total 163840K, used 149239K [0x00000006c1e00000, 0x00000006cbe00000, 0x000000076b500000)
  object space 163840K, 91% used [0x00000006c1e00000,0x00000006cafbdfb0,0x00000006cbe00000)
 Metaspace       used 21812K, capacity 22051K, committed 22400K, reserved 1069056K
  class space    used 2269K, capacity 2323K, committed 2432K, reserved 1048576K
}
Event: 77191.640 GC heap before
{Heap before GC invocations=364887 (full 88):
 PSYoungGen      total 112640K, used 112288K [0x000000076b500000, 0x00000007ab500000, 0x00000007c0000000)
  eden space 112128K, 100% used [0x000000076b500000,0x0000000772280000,0x0000000772280000)
  from space 512K, 31% used [0x00000007ab480000,0x00000007ab4a8000,0x00000007ab500000)
  to   space 512K, 0% used [0x00000007ab400000,0x00000007ab400000,0x00000007ab480000)
 ParOldGen       total 163840K, used 149239K [0x00000006c1e00000, 0x00000006cbe00000, 0x000000076b500000)
  object space 163840K, 91% used [0x00000006c1e00000,0x00000006cafbdfb0,0x00000006cbe00000)
 Metaspace       used 21812K, capacity 22051K, committed 22400K, reserved 1069056K
  class space    used 2269K, capacity 2323K, committed 2432K, reserved 1048576K
Event: 77191.642 GC heap after
Heap after GC invocations=364887 (full 88):
 PSYoungGen      total 109056K, used 160K [0x000000076b500000, 0x00000007ab500000, 0x00000007c0000000)
  eden space 108544K, 0% used [0x000000076b500000,0x000000076b500000,0x0000000771f00000)
  from space 512K, 31% used [0x00000007ab400000,0x00000007ab428000,0x00000007ab480000)
  to   space 512K, 0% used [0x00000007ab480000,0x00000007ab480000,0x00000007ab500000)
 ParOldGen       total 163840K, used 149287K [0x00000006c1e00000, 0x00000006cbe00000, 0x000000076b500000)
  object space 163840K, 91% used [0x00000006c1e00000,0x00000006cafc9fb0,0x00000006cbe00000)
 Metaspace       used 21812K, capacity 22051K, committed 22400K, reserved 1069056K
  class space    used 2269K, capacity 2323K, committed 2432K, reserved 1048576K
}
Event: 77192.026 GC heap before
{Heap before GC invocations=364888 (full 88):
 PSYoungGen      total 109056K, used 108704K [0x000000076b500000, 0x00000007ab500000, 0x00000007c0000000)
  eden space 108544K, 100% used [0x000000076b500000,0x0000000771f00000,0x0000000771f00000)
  from space 512K, 31% used [0x00000007ab400000,0x00000007ab428000,0x00000007ab480000)
  to   space 512K, 0% used [0x00000007ab480000,0x00000007ab480000,0x00000007ab500000)
 ParOldGen       total 163840K, used 149287K [0x00000006c1e00000, 0x00000006cbe00000, 0x000000076b500000)
  object space 163840K, 91% used [0x00000006c1e00000,0x00000006cafc9fb0,0x00000006cbe00000)
 Metaspace       used 21812K, capacity 22051K, committed 22400K, reserved 1069056K
  class space    used 2269K, capacity 2323K, committed 2432K, reserved 1048576K
Event: 77192.028 GC heap after
Heap after GC invocations=364888 (full 88):
 PSYoungGen      total 105984K, used 256K [0x000000076b500000, 0x00000007ab500000, 0x00000007c0000000)
  eden space 105472K, 0% used [0x000000076b500000,0x000000076b500000,0x0000000771c00000)
  from space 512K, 50% used [0x00000007ab480000,0x00000007ab4c0000,0x00000007ab500000)
  to   space 512K, 0% used [0x00000007ab400000,0x00000007ab400000,0x00000007ab480000)
 ParOldGen       total 163840K, used 149343K [0x00000006c1e00000, 0x00000006cbe00000, 0x000000076b500000)
  object space 163840K, 91% used [0x00000006c1e00000,0x00000006cafd7fb0,0x00000006cbe00000)
 Metaspace       used 21812K, capacity 22051K, committed 22400K, reserved 1069056K
  class space    used 2269K, capacity 2323K, committed 2432K, reserved 1048576K
}
Event: 77192.224 GC heap before
{Heap before GC invocations=364889 (full 88):
 PSYoungGen      total 105984K, used 105728K [0x000000076b500000, 0x00000007ab500000, 0x00000007c0000000)
  eden space 105472K, 100% used [0x000000076b500000,0x0000000771c00000,0x0000000771c00000)
  from space 512K, 50% used [0x00000007ab480000,0x00000007ab4c0000,0x00000007ab500000)
  to   space 512K, 0% used [0x00000007ab400000,0x00000007ab400000,0x00000007ab480000)
 ParOldGen       total 163840K, used 149343K [0x00000006c1e00000, 0x00000006cbe00000, 0x000000076b500000)
  object space 163840K, 91% used [0x00000006c1e00000,0x00000006cafd7fb0,0x00000006cbe00000)
 Metaspace       used 21812K, capacity 22051K, committed 22400K, reserved 1069056K
  class space    used 2269K, capacity 2323K, committed 2432K, reserved 1048576K
Event: 77192.226 GC heap after
Heap after GC invocations=364889 (full 88):
 PSYoungGen      total 102912K, used 192K [0x000000076b500000, 0x00000007ab500000, 0x00000007c0000000)
  eden space 102400K, 0% used [0x000000076b500000,0x000000076b500000,0x0000000771900000)
  from space 512K, 37% used [0x00000007ab400000,0x00000007ab430000,0x00000007ab480000)
  to   space 512K, 0% used [0x00000007ab480000,0x00000007ab480000,0x00000007ab500000)
 ParOldGen       total 163840K, used 149343K [0x00000006c1e00000, 0x00000006cbe00000, 0x000000076b500000)
  object space 163840K, 91% used [0x00000006c1e00000,0x00000006cafd7fb0,0x00000006cbe00000)
 Metaspace       used 21812K, capacity 22051K, committed 22400K, reserved 1069056K
  class space    used 2269K, capacity 2323K, committed 2432K, reserved 1048576K
}
Event: 77192.537 GC heap before
{Heap before GC invocations=364890 (full 88):
 PSYoungGen      total 102912K, used 102592K [0x000000076b500000, 0x00000007ab500000, 0x00000007c0000000)
  eden space 102400K, 100% used [0x000000076b500000,0x0000000771900000,0x0000000771900000)
  from space 512K, 37% used [0x00000007ab400000,0x00000007ab430000,0x00000007ab480000)
  to   space 512K, 0% used [0x00000007ab480000,0x00000007ab480000,0x00000007ab500000)
 ParOldGen       total 163840K, used 149343K [0x00000006c1e00000, 0x00000006cbe00000, 0x000000076b500000)
  object space 163840K, 91% used [0x00000006c1e00000,0x00000006cafd7fb0,0x00000006cbe00000)
 Metaspace       used 21812K, capacity 22051K, committed 22400K, reserved 1069056K
  class space    used 2269K, capacity 2323K, committed 2432K, reserved 1048576K
Event: 77192.539 GC heap after
Heap after GC invocations=364890 (full 88):
 PSYoungGen      total 99840K, used 192K [0x000000076b500000, 0x00000007ab500000, 0x00000007c0000000)
  eden space 99328K, 0% used [0x000000076b500000,0x000000076b500000,0x0000000771600000)
  from space 512K, 37% used [0x00000007ab480000,0x00000007ab4b0000,0x00000007ab500000)
  to   space 512K, 0% used [0x00000007ab400000,0x00000007ab400000,0x00000007ab480000)
 ParOldGen       total 163840K, used 149343K [0x00000006c1e00000, 0x00000006cbe00000, 0x000000076b500000)
  object space 163840K, 91% used [0x00000006c1e00000,0x00000006cafd7fb0,0x00000006cbe00000)
 Metaspace       used 21812K, capacity 22051K, committed 22400K, reserved 1069056K
  class space    used 2269K, capacity 2323K, committed 2432K, reserved 1048576K
}

